<?xml version="1.0" ?>
<testsuites disabled="0" errors="0" failures="9" tests="93" time="0.0">
	<testsuite disabled="0" errors="0" failures="9" name="terraform scan" skipped="18" tests="93" time="0">
		<properties>
			<property name="directory" value="['/tf']"/>
			<property name="add_check" value="False"/>
			<property name="list" value="False"/>
			<property name="output" value="['junitxml']"/>
			<property name="output_file_path" value="/tf/results.xml"/>
			<property name="output_bc_ids" value="False"/>
			<property name="include_all_checkov_policies" value="True"/>
			<property name="quiet" value="False"/>
			<property name="compact" value="False"/>
			<property name="framework" value="['all']"/>
			<property name="skip_framework" value="[]"/>
			<property name="run_all_external_checks" value="False"/>
			<property name="soft_fail" value="False"/>
			<property name="skip_results_upload" value="False"/>
			<property name="repo_id" value="cli_repo/tf"/>
			<property name="branch" value="master"/>
			<property name="skip_download" value="False"/>
			<property name="use_enforcement_rules" value="False"/>
			<property name="external_modules_download_path" value=".external_modules"/>
			<property name="evaluate_variables" value="True"/>
			<property name="no_cert_verify" value="False"/>
			<property name="create_baseline" value="False"/>
			<property name="output_baseline_as_skipped" value="False"/>
			<property name="secrets_scan_file_type" value="[]"/>
			<property name="enable_secret_scan_all_files" value="False"/>
			<property name="block_list_secret_scan" value="[]"/>
			<property name="summary_position" value="top"/>
			<property name="skip_resources_without_violations" value="False"/>
			<property name="deep_analysis" value="False"/>
			<property name="no_fail_on_crash" value="False"/>
			<property name="mask" value="defaultdict(&lt;class 'set'&gt;, {})"/>
			<property name="scan_secrets_history" value="False"/>
			<property name="secrets_history_timeout" value="12h"/>
			<property name="custom_tool_name" value="Checkov"/>
		</properties>
		<testcase name="[NONE][CKV_AWS_93] Ensure S3 bucket policy does not lockout all but root user. (Prevent lockouts needing root account fixes)" classname="/alb.tf.aws_s3_bucket.alb_logs" file="/alb.tf"/>
		<testcase name="[NONE][CKV_AWS_56] Ensure S3 bucket has 'restrict_public_buckets' enabled" classname="/alb.tf.aws_s3_bucket_public_access_block.alb_logs" file="/alb.tf"/>
		<testcase name="[NONE][CKV_AWS_54] Ensure S3 bucket has block public policy enabled" classname="/alb.tf.aws_s3_bucket_public_access_block.alb_logs" file="/alb.tf"/>
		<testcase name="[NONE][CKV_AWS_53] Ensure S3 bucket has block public ACLS enabled" classname="/alb.tf.aws_s3_bucket_public_access_block.alb_logs" file="/alb.tf"/>
		<testcase name="[NONE][CKV_AWS_55] Ensure S3 bucket has ignore public ACLs enabled" classname="/alb.tf.aws_s3_bucket_public_access_block.alb_logs" file="/alb.tf"/>
		<testcase name="[NONE][CKV_AWS_328] Ensure that ALB is configured with defensive or strictest desync mitigation mode" classname="/alb.tf.aws_lb.main" file="/alb.tf"/>
		<testcase name="[NONE][CKV_AWS_150] Ensure that Load Balancer has deletion protection enabled" classname="/alb.tf.aws_lb.main" file="/alb.tf"/>
		<testcase name="[NONE][CKV_AWS_131] Ensure that ALB drops HTTP headers" classname="/alb.tf.aws_lb.main" file="/alb.tf"/>
		<testcase name="[NONE][CKV_AWS_91] Ensure the ELBv2 (Application/Network) has access logging enabled" classname="/alb.tf.aws_lb.main" file="/alb.tf"/>
		<testcase name="[NONE][CKV_AWS_261] Ensure HTTP HTTPS Target group defines Healthcheck" classname="/alb.tf.aws_lb_target_group.app" file="/alb.tf"/>
		<testcase name="[NONE][CKV_AWS_51] Ensure ECR Image Tags are immutable" classname="/ecs.tf.aws_ecr_repository.app" file="/ecs.tf"/>
		<testcase name="[NONE][CKV_AWS_136] Ensure that ECR repositories are encrypted using KMS" classname="/ecs.tf.aws_ecr_repository.app" file="/ecs.tf"/>
		<testcase name="[NONE][CKV_AWS_163] Ensure ECR image scanning on push is enabled" classname="/ecs.tf.aws_ecr_repository.app" file="/ecs.tf"/>
		<testcase name="[NONE][CKV_AWS_223] Ensure ECS Cluster enables logging of ECS Exec" classname="/ecs.tf.aws_ecs_cluster.main" file="/ecs.tf"/>
		<testcase name="[NONE][CKV_AWS_65] Ensure container insights are enabled on ECS cluster" classname="/ecs.tf.aws_ecs_cluster.main" file="/ecs.tf"/>
		<testcase name="[NONE][CKV_AWS_60] Ensure IAM role allows only specific services or principals to assume it" classname="/ecs.tf.aws_iam_role.ecs_execution_role" file="/ecs.tf"/>
		<testcase name="[NONE][CKV_AWS_274] Disallow IAM roles, users, and groups from using the AWS AdministratorAccess policy" classname="/ecs.tf.aws_iam_role.ecs_execution_role" file="/ecs.tf"/>
		<testcase name="[NONE][CKV_AWS_61] Ensure AWS IAM policy does not allow assume role permission across all services" classname="/ecs.tf.aws_iam_role.ecs_execution_role" file="/ecs.tf"/>
		<testcase name="[NONE][CKV_AWS_274] Disallow IAM roles, users, and groups from using the AWS AdministratorAccess policy" classname="/ecs.tf.aws_iam_role_policy_attachment.ecs_execution_role_policy" file="/ecs.tf"/>
		<testcase name="[NONE][CKV_AWS_335] Ensure ECS task definitions should not share the host's process namespace" classname="/ecs.tf.aws_ecs_task_definition.app" file="/ecs.tf"/>
		<testcase name="[NONE][CKV_AWS_66] Ensure that CloudWatch Log Group specifies retention days" classname="/ecs.tf.aws_cloudwatch_log_group.ecs_logs" file="/ecs.tf"/>
		<testcase name="[NONE][CKV_AWS_338] Ensure CloudWatch log groups retains logs for at least 1 year" classname="/ecs.tf.aws_cloudwatch_log_group.ecs_logs" file="/ecs.tf"/>
		<testcase name="[NONE][CKV_AWS_332] Ensure ECS Fargate services run on the latest Fargate platform version" classname="/ecs.tf.aws_ecs_service.main" file="/ecs.tf"/>
		<testcase name="[NONE][CKV_AWS_130] Ensure VPC subnets do not assign public IP by default" classname="/main.tf.aws_subnet.private[0]" file="/main.tf"/>
		<testcase name="[NONE][CKV_AWS_130] Ensure VPC subnets do not assign public IP by default" classname="/main.tf.aws_subnet.private[1]" file="/main.tf"/>
		<testcase name="[NONE][CKV_AWS_41] Ensure no hard coded AWS access key and secret key exists in provider" classname="/providers.tf.aws.default" file="/providers.tf"/>
		<testcase name="[NONE][CKV_AWS_157] Ensure that RDS instances have Multi-AZ enabled" classname="/rds.tf.aws_db_instance.main" file="/rds.tf"/>
		<testcase name="[NONE][CKV_AWS_226] Ensure DB instance gets all minor upgrades automatically" classname="/rds.tf.aws_db_instance.main" file="/rds.tf"/>
		<testcase name="[NONE][CKV_AWS_129] Ensure that respective logs of Amazon Relational Database Service (Amazon RDS) are enabled" classname="/rds.tf.aws_db_instance.main" file="/rds.tf"/>
		<testcase name="[NONE][CKV_AWS_16] Ensure all data stored in the RDS is securely encrypted at rest" classname="/rds.tf.aws_db_instance.main" file="/rds.tf"/>
		<testcase name="[NONE][CKV_AWS_17] Ensure all data stored in RDS is not publicly accessible" classname="/rds.tf.aws_db_instance.main" file="/rds.tf"/>
		<testcase name="[NONE][CKV_AWS_293] Ensure that AWS database instances have deletion protection enabled" classname="/rds.tf.aws_db_instance.main" file="/rds.tf"/>
		<testcase name="[NONE][CKV_AWS_388] Ensure AWS Aurora PostgreSQL is not exposed to local file read vulnerability" classname="/rds.tf.aws_db_instance.main" file="/rds.tf"/>
		<testcase name="[NONE][CKV_AWS_211] Ensure RDS uses a modern CaCert" classname="/rds.tf.aws_db_instance.main" file="/rds.tf"/>
		<testcase name="[NONE][CKV_AWS_161] Ensure RDS database has IAM authentication enabled" classname="/rds.tf.aws_db_instance.main" file="/rds.tf"/>
		<testcase name="[NONE][CKV_AWS_118] Ensure that enhanced monitoring is enabled for Amazon RDS instances" classname="/rds.tf.aws_db_instance.main" file="/rds.tf"/>
		<testcase name="[NONE][CKV_AWS_133] Ensure that RDS instances has backup policy" classname="/rds.tf.aws_db_instance.main" file="/rds.tf"/>
		<testcase name="[NONE][CKV_AWS_353] Ensure that RDS instances have performance insights enabled" classname="/rds.tf.aws_db_instance.main" file="/rds.tf"/>
		<testcase name="[NONE][CKV_AWS_60] Ensure IAM role allows only specific services or principals to assume it" classname="/rds.tf.aws_iam_role.rds_monitoring" file="/rds.tf"/>
		<testcase name="[NONE][CKV_AWS_274] Disallow IAM roles, users, and groups from using the AWS AdministratorAccess policy" classname="/rds.tf.aws_iam_role.rds_monitoring" file="/rds.tf"/>
		<testcase name="[NONE][CKV_AWS_61] Ensure AWS IAM policy does not allow assume role permission across all services" classname="/rds.tf.aws_iam_role.rds_monitoring" file="/rds.tf"/>
		<testcase name="[NONE][CKV_AWS_274] Disallow IAM roles, users, and groups from using the AWS AdministratorAccess policy" classname="/rds.tf.aws_iam_role_policy_attachment.rds_monitoring_policy" file="/rds.tf"/>
		<testcase name="[NONE][CKV_AWS_24] Ensure no security groups allow ingress from 0.0.0.0:0 to port 22" classname="/security.tf.aws_security_group.alb" file="/security.tf"/>
		<testcase name="[NONE][CKV_AWS_277] Ensure no security groups allow ingress from 0.0.0.0:0 to port -1" classname="/security.tf.aws_security_group.alb" file="/security.tf"/>
		<testcase name="[NONE][CKV_AWS_23] Ensure every security group and rule has a description" classname="/security.tf.aws_security_group.alb" file="/security.tf"/>
		<testcase name="[NONE][CKV_AWS_25] Ensure no security groups allow ingress from 0.0.0.0:0 to port 3389" classname="/security.tf.aws_security_group.alb" file="/security.tf"/>
		<testcase name="[NONE][CKV_AWS_260] Ensure no security groups allow ingress from 0.0.0.0:0 to port 80" classname="/security.tf.aws_security_group.ecs_tasks" file="/security.tf"/>
		<testcase name="[NONE][CKV_AWS_24] Ensure no security groups allow ingress from 0.0.0.0:0 to port 22" classname="/security.tf.aws_security_group.ecs_tasks" file="/security.tf"/>
		<testcase name="[NONE][CKV_AWS_277] Ensure no security groups allow ingress from 0.0.0.0:0 to port -1" classname="/security.tf.aws_security_group.ecs_tasks" file="/security.tf"/>
		<testcase name="[NONE][CKV_AWS_23] Ensure every security group and rule has a description" classname="/security.tf.aws_security_group.ecs_tasks" file="/security.tf"/>
		<testcase name="[NONE][CKV_AWS_25] Ensure no security groups allow ingress from 0.0.0.0:0 to port 3389" classname="/security.tf.aws_security_group.ecs_tasks" file="/security.tf"/>
		<testcase name="[NONE][CKV2_AWS_60] Ensure RDS instance with copy tags to snapshots is enabled" classname="/rds.tf.aws_db_instance.main" file="/rds.tf"/>
		<testcase name="[NONE][CKV_AWS_20] S3 Bucket has an ACL defined which allows public READ access." classname="/alb.tf.aws_s3_bucket.alb_logs" file="/alb.tf"/>
		<testcase name="[NONE][CKV2_AWS_35] AWS NAT Gateways should be utilized for the default route" classname="/main.tf.aws_route_table.public" file="/main.tf"/>
		<testcase name="[NONE][CKV2_AWS_69] Ensure AWS RDS database instance configured with encryption in transit" classname="/rds.tf.aws_db_instance.main" file="/rds.tf"/>
		<testcase name="[NONE][CKV2_AWS_56] Ensure AWS Managed IAMFullAccess IAM policy is not used." classname="/ecs.tf.aws_iam_role.ecs_execution_role" file="/ecs.tf"/>
		<testcase name="[NONE][CKV2_AWS_56] Ensure AWS Managed IAMFullAccess IAM policy is not used." classname="/ecs.tf.aws_iam_role_policy_attachment.ecs_execution_role_policy" file="/ecs.tf"/>
		<testcase name="[NONE][CKV2_AWS_56] Ensure AWS Managed IAMFullAccess IAM policy is not used." classname="/rds.tf.aws_iam_role.rds_monitoring" file="/rds.tf"/>
		<testcase name="[NONE][CKV2_AWS_56] Ensure AWS Managed IAMFullAccess IAM policy is not used." classname="/rds.tf.aws_iam_role_policy_attachment.rds_monitoring_policy" file="/rds.tf"/>
		<testcase name="[NONE][CKV2_AWS_5] Ensure that Security Groups are attached to another resource" classname="/security.tf.aws_security_group.alb" file="/security.tf"/>
		<testcase name="[NONE][CKV2_AWS_5] Ensure that Security Groups are attached to another resource" classname="/security.tf.aws_security_group.ecs_tasks" file="/security.tf"/>
		<testcase name="[NONE][CKV2_AWS_74] Ensure AWS Load Balancers use strong ciphers" classname="/alb.tf.aws_lb_listener.front_end" file="/alb.tf"/>
		<testcase name="[NONE][CKV2_AWS_76] Ensure AWS ALB attached WAFv2 WebACL is configured with AMR for Log4j Vulnerability" classname="/alb.tf.aws_lb.main" file="/alb.tf"/>
		<testcase name="[NONE][CKV_AWS_57] S3 Bucket has an ACL defined which allows public WRITE access." classname="/alb.tf.aws_s3_bucket.alb_logs" file="/alb.tf"/>
		<testcase name="[NONE][CKV2_AWS_6] Ensure that S3 bucket has a Public Access block" classname="/alb.tf.aws_s3_bucket.alb_logs" file="/alb.tf"/>
		<testcase name="[NONE][CKV_AWS_19] Ensure all data stored in the S3 bucket is securely encrypted at rest" classname="/alb.tf.aws_s3_bucket.alb_logs" file="/alb.tf"/>
		<testcase name="[NONE][CKV_AWS_260] Ensure no security groups allow ingress from 0.0.0.0:0 to port 80" classname="/security.tf.aws_security_group.alb" file="/security.tf">
			<failure type="failure" message="Ensure no security groups allow ingress from 0.0.0.0:0 to port 80">
Resource: aws_security_group.alb
File: /security.tf: 1-26
Guideline: https://docs.prismacloud.io/en/enterprise-edition/policy-reference/aws-policies/aws-networking-policies/ensure-aws-security-groups-do-not-allow-ingress-from-00000-to-port-80

		1  | resource &quot;aws_security_group&quot; &quot;alb&quot; {
		2  |   # checkov:skip=CKV_AWS_382: &quot;El ALB necesita responder a cualquier IP de internet&quot;
		3  |   name        = &quot;${var.project_name}-alb-sg&quot;
		4  |   description = &quot;Control de trafico para el ALB publico&quot;
		5  |   vpc_id      = aws_vpc.main.id
		6  | 
		7  |   ingress {
		8  |     description = &quot;Permitir acceso HTTP desde cualquier lugar del mundo&quot;
		9  |     protocol    = &quot;tcp&quot;
		10 |     from_port   = 80
		11 |     to_port     = 80
		12 |     cidr_blocks = [&quot;0.0.0.0/0&quot;]
		13 |   }
		14 | 
		15 |   egress {
		16 |     description = &quot;Permitir salida a internet para responder peticiones&quot;
		17 |     protocol    = &quot;-1&quot;
		18 |     from_port   = 0
		19 |     to_port     = 0
		20 |     cidr_blocks = [&quot;0.0.0.0/0&quot;]
		21 |   }
		22 | 
		23 |   tags = {
		24 |     Name = &quot;${var.project_name}-alb-sg&quot;
		25 |   }
		26 | }
</failure>
		</testcase>
		<testcase name="[NONE][CKV_AWS_145] Ensure that S3 buckets are encrypted with KMS by default" classname="/alb.tf.aws_s3_bucket.alb_logs" file="/alb.tf">
			<failure type="failure" message="Ensure that S3 buckets are encrypted with KMS by default">
Resource: aws_s3_bucket.alb_logs
File: /alb.tf: 2-19
Guideline: https://docs.prismacloud.io/en/enterprise-edition/policy-reference/aws-policies/aws-general-policies/ensure-that-s3-buckets-are-encrypted-with-kms-by-default

		2  | resource &quot;aws_s3_bucket&quot; &quot;alb_logs&quot; {
		3  |   # Usamos un nombre único random para evitar conflictos
		4  |   bucket        = &quot;alb-logs-${var.project_name}-${random_string.suffix.result}&quot;
		5  |   force_destroy = true # Permite borrarlo aunque tenga datos (solo para lab)
		6  | 
		7  |   # CKV_AWS_18: Encriptar los logs para seguridad
		8  |   server_side_encryption_configuration {
		9  |     rule {
		10 |       apply_server_side_encryption_by_default {
		11 |         sse_algorithm = &quot;AES256&quot;
		12 |       }
		13 |     }
		14 |   }
		15 |   
		16 |   # CKV_AWS_144: No es necesario replicación cruzada para logs de lab
		17 |   # CKV_AWS_145: Usamos encriptación estándar AES256
		18 |   # CKV_AWS_21: Versionado no crítico para logs de lab
		19 | }
</failure>
		</testcase>
		<testcase name="[NONE][CKV2_AWS_30] Ensure Postgres RDS as aws_db_instance has Query Logging enabled" classname="/rds.tf.aws_db_instance.main" file="/rds.tf">
			<failure type="failure" message="Ensure Postgres RDS as aws_db_instance has Query Logging enabled">
Resource: aws_db_instance.main
File: /rds.tf: 12-56
Guideline: https://docs.prismacloud.io/en/enterprise-edition/policy-reference/aws-policies/aws-general-policies/ensure-postgres-rds-has-query-logging-enabled

		12 | resource &quot;aws_db_instance&quot; &quot;main&quot; {
		13 |   # checkov:skip=CKV_AWS_354: &quot;Usamos la llave KMS por defecto de AWS para simplificar el lab&quot;
		14 |   
		15 |   identifier        = &quot;${var.project_name}-db&quot;
		16 |   engine            = &quot;postgres&quot;
		17 |   engine_version    = &quot;14&quot;
		18 |   instance_class    = &quot;db.t3.micro&quot;
		19 |   allocated_storage = 20
		20 |   
		21 |   db_name  = &quot;myd_database&quot;
		22 |   username = &quot;admin_user&quot;
		23 |   password = &quot;SuperPassword123!&quot; 
		24 | 
		25 |   # Red y Seguridad
		26 |   db_subnet_group_name   = aws_db_subnet_group.main.name
		27 |   vpc_security_group_ids = [aws_security_group.ecs_tasks.id] 
		28 |   publicly_accessible    = false # CKV_AWS_17
		29 | 
		30 |   # Encriptación y Mantenimiento
		31 |   storage_encrypted                   = true 
		32 |   iam_database_authentication_enabled = true 
		33 |   copy_tags_to_snapshot               = true # CKV2_AWS_60
		34 |   deletion_protection                 = true 
		35 |   skip_final_snapshot                 = false 
		36 |   final_snapshot_identifier           = &quot;${var.project_name}-final-snapshot&quot;
		37 |   auto_minor_version_upgrade          = true 
		38 | 
		39 |   # Alta Disponibilidad y Logs
		40 |   multi_az = true 
		41 |   
		42 |   # CKV_AWS_129 &amp; CKV2_AWS_30: Exportar logs
		43 |   enabled_cloudwatch_logs_exports = [&quot;postgresql&quot;, &quot;upgrade&quot;]
		44 | 
		45 |   # CKV_AWS_353: Performance Insights activado
		46 |   performance_insights_enabled          = true 
		47 |   performance_insights_retention_period = 7 
		48 | 
		49 |   # Monitoreo
		50 |   monitoring_interval = 60 
		51 |   monitoring_role_arn = aws_iam_role.rds_monitoring.arn 
		52 | 
		53 |   tags = {
		54 |     Name = &quot;${var.project_name}-rds&quot;
		55 |   }
		56 | }
</failure>
		</testcase>
		<testcase name="[NONE][CKV2_AWS_62] Ensure S3 buckets should have event notifications enabled" classname="/alb.tf.aws_s3_bucket.alb_logs" file="/alb.tf">
			<failure type="failure" message="Ensure S3 buckets should have event notifications enabled">
Resource: aws_s3_bucket.alb_logs
File: /alb.tf: 2-19
Guideline: https://docs.prismacloud.io/en/enterprise-edition/policy-reference/aws-policies/aws-logging-policies/bc-aws-2-62

		2  | resource &quot;aws_s3_bucket&quot; &quot;alb_logs&quot; {
		3  |   # Usamos un nombre único random para evitar conflictos
		4  |   bucket        = &quot;alb-logs-${var.project_name}-${random_string.suffix.result}&quot;
		5  |   force_destroy = true # Permite borrarlo aunque tenga datos (solo para lab)
		6  | 
		7  |   # CKV_AWS_18: Encriptar los logs para seguridad
		8  |   server_side_encryption_configuration {
		9  |     rule {
		10 |       apply_server_side_encryption_by_default {
		11 |         sse_algorithm = &quot;AES256&quot;
		12 |       }
		13 |     }
		14 |   }
		15 |   
		16 |   # CKV_AWS_144: No es necesario replicación cruzada para logs de lab
		17 |   # CKV_AWS_145: Usamos encriptación estándar AES256
		18 |   # CKV_AWS_21: Versionado no crítico para logs de lab
		19 | }
</failure>
		</testcase>
		<testcase name="[NONE][CKV_AWS_144] Ensure that S3 bucket has cross-region replication enabled" classname="/alb.tf.aws_s3_bucket.alb_logs" file="/alb.tf">
			<failure type="failure" message="Ensure that S3 bucket has cross-region replication enabled">
Resource: aws_s3_bucket.alb_logs
File: /alb.tf: 2-19
Guideline: https://docs.prismacloud.io/en/enterprise-edition/policy-reference/aws-policies/aws-general-policies/ensure-that-s3-bucket-has-cross-region-replication-enabled

		2  | resource &quot;aws_s3_bucket&quot; &quot;alb_logs&quot; {
		3  |   # Usamos un nombre único random para evitar conflictos
		4  |   bucket        = &quot;alb-logs-${var.project_name}-${random_string.suffix.result}&quot;
		5  |   force_destroy = true # Permite borrarlo aunque tenga datos (solo para lab)
		6  | 
		7  |   # CKV_AWS_18: Encriptar los logs para seguridad
		8  |   server_side_encryption_configuration {
		9  |     rule {
		10 |       apply_server_side_encryption_by_default {
		11 |         sse_algorithm = &quot;AES256&quot;
		12 |       }
		13 |     }
		14 |   }
		15 |   
		16 |   # CKV_AWS_144: No es necesario replicación cruzada para logs de lab
		17 |   # CKV_AWS_145: Usamos encriptación estándar AES256
		18 |   # CKV_AWS_21: Versionado no crítico para logs de lab
		19 | }
</failure>
		</testcase>
		<testcase name="[NONE][CKV2_AWS_20] Ensure that ALB redirects HTTP requests into HTTPS ones" classname="/alb.tf.aws_lb.main" file="/alb.tf">
			<failure type="failure" message="Ensure that ALB redirects HTTP requests into HTTPS ones">
Resource: aws_lb.main
File: /alb.tf: 38-59
Guideline: https://docs.prismacloud.io/en/enterprise-edition/policy-reference/aws-policies/aws-networking-policies/ensure-that-alb-redirects-http-requests-into-https-ones

		38 | resource &quot;aws_lb&quot; &quot;main&quot; {
		39 |   # checkov:skip=CKV2_AWS_28: &quot;El WAF se configurará externamente o en otro módulo&quot;
		40 |   name               = &quot;${var.project_name}-alb&quot;
		41 |   internal           = false 
		42 |   load_balancer_type = &quot;application&quot;
		43 |   security_groups    = [aws_security_group.alb.id] 
		44 |   subnets            = aws_subnet.public.*.id      
		45 | 
		46 |   drop_invalid_header_fields = true 
		47 |   enable_deletion_protection = true 
		48 | 
		49 |   # CKV_AWS_91: Habilitar logs de acceso (Se guardan en el S3 creado arriba)
		50 |   access_logs {
		51 |     bucket  = aws_s3_bucket.alb_logs.bucket
		52 |     prefix  = &quot;alb-logs&quot;
		53 |     enabled = true
		54 |   }
		55 | 
		56 |   tags = {
		57 |     Name = &quot;${var.project_name}-alb&quot;
		58 |   }
		59 | }
</failure>
		</testcase>
		<testcase name="[NONE][CKV2_AWS_61] Ensure that an S3 bucket has a lifecycle configuration" classname="/alb.tf.aws_s3_bucket.alb_logs" file="/alb.tf">
			<failure type="failure" message="Ensure that an S3 bucket has a lifecycle configuration">
Resource: aws_s3_bucket.alb_logs
File: /alb.tf: 2-19
Guideline: https://docs.prismacloud.io/en/enterprise-edition/policy-reference/aws-policies/aws-logging-policies/bc-aws-2-61

		2  | resource &quot;aws_s3_bucket&quot; &quot;alb_logs&quot; {
		3  |   # Usamos un nombre único random para evitar conflictos
		4  |   bucket        = &quot;alb-logs-${var.project_name}-${random_string.suffix.result}&quot;
		5  |   force_destroy = true # Permite borrarlo aunque tenga datos (solo para lab)
		6  | 
		7  |   # CKV_AWS_18: Encriptar los logs para seguridad
		8  |   server_side_encryption_configuration {
		9  |     rule {
		10 |       apply_server_side_encryption_by_default {
		11 |         sse_algorithm = &quot;AES256&quot;
		12 |       }
		13 |     }
		14 |   }
		15 |   
		16 |   # CKV_AWS_144: No es necesario replicación cruzada para logs de lab
		17 |   # CKV_AWS_145: Usamos encriptación estándar AES256
		18 |   # CKV_AWS_21: Versionado no crítico para logs de lab
		19 | }
</failure>
		</testcase>
		<testcase name="[NONE][CKV_AWS_18] Ensure the S3 bucket has access logging enabled" classname="/alb.tf.aws_s3_bucket.alb_logs" file="/alb.tf">
			<failure type="failure" message="Ensure the S3 bucket has access logging enabled">
Resource: aws_s3_bucket.alb_logs
File: /alb.tf: 2-19
Guideline: https://docs.prismacloud.io/en/enterprise-edition/policy-reference/aws-policies/s3-policies/s3-13-enable-logging

		2  | resource &quot;aws_s3_bucket&quot; &quot;alb_logs&quot; {
		3  |   # Usamos un nombre único random para evitar conflictos
		4  |   bucket        = &quot;alb-logs-${var.project_name}-${random_string.suffix.result}&quot;
		5  |   force_destroy = true # Permite borrarlo aunque tenga datos (solo para lab)
		6  | 
		7  |   # CKV_AWS_18: Encriptar los logs para seguridad
		8  |   server_side_encryption_configuration {
		9  |     rule {
		10 |       apply_server_side_encryption_by_default {
		11 |         sse_algorithm = &quot;AES256&quot;
		12 |       }
		13 |     }
		14 |   }
		15 |   
		16 |   # CKV_AWS_144: No es necesario replicación cruzada para logs de lab
		17 |   # CKV_AWS_145: Usamos encriptación estándar AES256
		18 |   # CKV_AWS_21: Versionado no crítico para logs de lab
		19 | }
</failure>
		</testcase>
		<testcase name="[NONE][CKV_AWS_21] Ensure all data stored in the S3 bucket have versioning enabled" classname="/alb.tf.aws_s3_bucket.alb_logs" file="/alb.tf">
			<failure type="failure" message="Ensure all data stored in the S3 bucket have versioning enabled">
Resource: aws_s3_bucket.alb_logs
File: /alb.tf: 2-19
Guideline: https://docs.prismacloud.io/en/enterprise-edition/policy-reference/aws-policies/s3-policies/s3-16-enable-versioning

		2  | resource &quot;aws_s3_bucket&quot; &quot;alb_logs&quot; {
		3  |   # Usamos un nombre único random para evitar conflictos
		4  |   bucket        = &quot;alb-logs-${var.project_name}-${random_string.suffix.result}&quot;
		5  |   force_destroy = true # Permite borrarlo aunque tenga datos (solo para lab)
		6  | 
		7  |   # CKV_AWS_18: Encriptar los logs para seguridad
		8  |   server_side_encryption_configuration {
		9  |     rule {
		10 |       apply_server_side_encryption_by_default {
		11 |         sse_algorithm = &quot;AES256&quot;
		12 |       }
		13 |     }
		14 |   }
		15 |   
		16 |   # CKV_AWS_144: No es necesario replicación cruzada para logs de lab
		17 |   # CKV_AWS_145: Usamos encriptación estándar AES256
		18 |   # CKV_AWS_21: Versionado no crítico para logs de lab
		19 | }
</failure>
		</testcase>
		<testcase name="[NONE][CKV_AWS_2] Ensure ALB protocol is HTTPS" classname="/alb.tf.aws_lb_listener.front_end" file="/alb.tf">
			<skipped type="skipped" message=" &quot;Usamos HTTP porque no tenemos dominio real para certificado ACM&quot;"/>
		</testcase>
		<testcase name="[NONE][CKV_AWS_334] Ensure ECS containers should run as non-privileged" classname="/ecs.tf.aws_ecs_task_definition.app" file="/ecs.tf">
			<skipped type="skipped" message=" &quot;El contenedor corre como root por defecto en esta imagen base (Riesgo Aceptado)&quot;"/>
		</testcase>
		<testcase name="[NONE][CKV_AWS_336] Ensure ECS containers are limited to read-only access to root filesystems" classname="/ecs.tf.aws_ecs_task_definition.app" file="/ecs.tf">
			<skipped type="skipped" message=" &quot;Laravel requiere escribir en /storage y /bootstrap/cache, no puede ser read-only&quot;"/>
		</testcase>
		<testcase name="[NONE][CKV_AWS_249] Ensure that the Execution Role ARN and the Task Role ARN are different in ECS Task definitions" classname="/ecs.tf.aws_ecs_task_definition.app" file="/ecs.tf">
			<skipped type="skipped" message=" &quot;Usamos el mismo rol por simplicidad del lab&quot;"/>
		</testcase>
		<testcase name="[NONE][CKV_AWS_97] Ensure Encryption in transit is enabled for EFS volumes in ECS Task definitions" classname="/ecs.tf.aws_ecs_task_definition.app" file="/ecs.tf">
			<skipped type="skipped" message=" &quot;No usamos EFS en este lab&quot;"/>
		</testcase>
		<testcase name="[NONE][CKV_AWS_158] Ensure that CloudWatch Log Group is encrypted by KMS" classname="/ecs.tf.aws_cloudwatch_log_group.ecs_logs" file="/ecs.tf">
			<skipped type="skipped" message=" &quot;Usamos encriptación estándar de CloudWatch, no KMS customer key&quot;"/>
		</testcase>
		<testcase name="[NONE][CKV_AWS_333] Ensure ECS services do not have public IP addresses assigned to them automatically" classname="/ecs.tf.aws_ecs_service.main" file="/ecs.tf">
			<skipped type="skipped" message=" &quot;Fargate gestiona las IPs, usamos subredes privadas&quot;"/>
		</testcase>
		<testcase name="[NONE][CKV_AWS_130] Ensure VPC subnets do not assign public IP by default" classname="/main.tf.aws_subnet.public[0]" file="/main.tf">
			<skipped type="skipped" message=" &quot;Es una subred pública, requiere asignar IP pública para el ALB&quot;"/>
		</testcase>
		<testcase name="[NONE][CKV_AWS_130] Ensure VPC subnets do not assign public IP by default" classname="/main.tf.aws_subnet.public[1]" file="/main.tf">
			<skipped type="skipped" message=" &quot;Es una subred pública, requiere asignar IP pública para el ALB&quot;"/>
		</testcase>
		<testcase name="[NONE][CKV_AWS_354] Ensure RDS Performance Insights are encrypted using KMS CMKs" classname="/rds.tf.aws_db_instance.main" file="/rds.tf">
			<skipped type="skipped" message=" &quot;Usamos la llave KMS por defecto de AWS para simplificar el lab&quot;"/>
		</testcase>
		<testcase name="[NONE][CKV_AWS_382] Ensure no security groups allow egress from 0.0.0.0:0 to port -1" classname="/security.tf.aws_security_group.alb" file="/security.tf">
			<skipped type="skipped" message=" &quot;El ALB necesita responder a cualquier IP de internet&quot;"/>
		</testcase>
		<testcase name="[NONE][CKV_AWS_382] Ensure no security groups allow egress from 0.0.0.0:0 to port -1" classname="/security.tf.aws_security_group.ecs_tasks" file="/security.tf">
			<skipped type="skipped" message=" &quot;Los contenedores necesitan salir a internet para actualizaciones y APIs externas&quot;"/>
		</testcase>
		<testcase name="[NONE][CKV2_AWS_44] Ensure AWS route table with VPC peering does not contain routes overly permissive to all traffic" classname="/main.tf.aws_route_table.public" file="/main.tf">
			<skipped type="skipped" message=" &quot;La ruta 0.0.0.0/0 es necesaria para el acceso a internet público&quot;"/>
		</testcase>
		<testcase name="[NONE][CKV2_AWS_11] Ensure VPC flow logging is enabled in all VPCs" classname="/main.tf.aws_vpc.main" file="/main.tf">
			<skipped type="skipped" message=" &quot;Flow Logs desactivados por ahorro de costos en lab&quot;"/>
		</testcase>
		<testcase name="[NONE][CKV2_AWS_12] Ensure the default security group of every VPC restricts all traffic" classname="/main.tf.aws_vpc.main" file="/main.tf">
			<skipped type="skipped" message=" &quot;Usamos Security Groups especificos, no el default&quot;"/>
		</testcase>
		<testcase name="[NONE][CKV_AWS_378] Ensure AWS Load Balancer doesn't use HTTP protocol" classname="/alb.tf.aws_lb_target_group.app" file="/alb.tf">
			<skipped type="skipped" message=" &quot;Usamos HTTP interno porque el terminador SSL está en el ALB (simulado)&quot;"/>
		</testcase>
		<testcase name="[NONE][CKV2_AWS_28] Ensure public facing ALB are protected by WAF" classname="/alb.tf.aws_lb.main" file="/alb.tf">
			<skipped type="skipped" message=" &quot;El WAF se configurará externamente o en otro módulo&quot;"/>
		</testcase>
		<testcase name="[NONE][CKV_AWS_103] Ensure that load balancer is using at least TLS 1.2" classname="/alb.tf.aws_lb_listener.front_end" file="/alb.tf">
			<skipped type="skipped" message=" &quot;TLS no aplica en listener HTTP&quot;"/>
		</testcase>
	</testsuite>
</testsuites>
